


ARM Macro Assembler    Page 1 


    1 00000000                 AREA             ARMex, CODE, READONLY
    2 00000000                 ENTRY
    3 00000000         
    4 00000000         start
    5 00000000 E59F0050        LDR              r0,Address1 ;
    6 00000004 E3A01001        MOV              r1,#1       ;
    7 00000008 E3A0B002        MOV              r11,#2      ;
    8 0000000C         
    9 0000000C E0020B91        mul              r2,r1,r11   ;r2=1*2
   10 00000010 E28BB001        add              r11,r11,#1  ;r11=3
   11 00000014 E0030B92        mul              r3,r2,r11   ;r3=r2*3
   12 00000018 E28BB001        add              r11,r11,#1  ;r11=4
   13 0000001C E0040B93        mul              r4,r3,r11   ;r4=r3*4
   14 00000020 E28BB001        add              r11,r11,#1  ;r11=5
   15 00000024 E0050B94        mul              r5,r4,r11   ;r5=r4*5
   16 00000028 E28BB001        add              r11,r11,#1  ;r11=6
   17 0000002C E0060B95        mul              r6,r5,r11   ;r6=r5*6
   18 00000030 E28BB001        add              r11,r11,#1  ;r11=7
   19 00000034 E0070B96        mul              r7,r6,r11   ;r7=r6*7
   20 00000038 E28BB001        add              r11,r11,#1  ;r11=8
   21 0000003C E0080B97        mul              r8,r7,r11   ;r8=r7*8
   22 00000040 E28BB001        add              r11,r11,#1  ;r11=9
   23 00000044 E0090B98        mul              r9,r8,r11   ;r9=r8*9
   24 00000048 E28BB001        add              r11,r11,#1  ;r11=10
   25 0000004C E00A0B99        mul              r10,r9,r11  ;r10=r9*10
   26 00000050         
   27 00000050 E580A000        STR              r10,[r0]
   28 00000054         
   29 00000054 E1A0F00E        MOV              pc,lr
   30 00000058         
   31 00000058 00040000 
                       Address1
                               &                0x40000
   32 0000005C                 end
Command Line: --debug --xref --diag_suppress=9931 --cpu=ARM9E --apcs=interwork 
--depend=.\objects\task2.d -o.\objects\task2.o -IC:\Keil_v5\ARM\RV31\INC -IC:\K
eil_v5\ARM\CMSIS\Include --predefine="__EVAL SETA 1" --predefine="__UVISION_VER
SION SETA 526" --list=.\listings\task2.lst task2.s



ARM Macro Assembler    Page 1 Alphabetic symbol ordering
Relocatable symbols

ARMex 00000000

Symbol: ARMex
   Definitions
      At line 1 in file task2.s
   Uses
      None
Comment: ARMex unused
Address1 00000058

Symbol: Address1
   Definitions
      At line 31 in file task2.s
   Uses
      At line 5 in file task2.s
Comment: Address1 used once
start 00000000

Symbol: start
   Definitions
      At line 4 in file task2.s
   Uses
      None
Comment: start unused
3 symbols
335 symbols in table
