


ARM Macro Assembler    Page 1 


    1 00000000                 AREA             ARMex, CODE, READONLY
    2 00000000                 ENTRY
    3 00000000         
    4 00000000         Main
    5 00000000 E59F004C        LDR              r0, =Char1  ;Load the String fo
                                                            r comparing
    6 00000004 E59F104C        LDR              r1, =Char2
    7 00000008 E59F2040        LDR              r2, Address1 ;Load the memory f
                                                            or saving
    8 0000000C E3A0300A        MOV              r3, #10     ;The number is goin
                                                            g to used for check
                                                            ing
    9 00000010 E3A0400B        MOV              r4, #11
   10 00000014         
   11 00000014         Strcmp
   12 00000014 E4D08001        LDRB             r8, [r0],#1 ;Load the character
                                                            
   13 00000018 E4D19001        LDRB             r9, [r1],#1
   14 0000001C E1580009        CMP              r8, r9      ;compare the charac
                                                            ter
   15 00000020 1A000005        BNE              Different   ;if the character i
                                                            s different, go to 
                                                            Different
   16 00000024 0AFFFFFF        BEQ              Check       ;if the character i
                                                            s same, go to Check
                                                            
   17 00000028         
   18 00000028         Check
   19 00000028 E3580000        CMP              r8, #0      ;For checking end o
                                                            f string
   20 0000002C 0A000000        BEQ              Equal       ;If end, go Equal
   21 00000030 1AFFFFF7        BNE              Strcmp      ;If not end, go Str
                                                            cmp
   22 00000034         
   23 00000034         Equal
   24 00000034 E5823000        STR              r3, [r2]    ;Save the r3 to r2
   25 00000038 EA000001        B                Finish      ;go Finish
   26 0000003C         
   27 0000003C         Different
   28 0000003C E5824000        STR              r4, [r2]    ;Save the r4 to r2
   29 00000040 EAFFFFFF        B                Finish      ;go Finish
   30 00000044         
   31 00000044         Finish
   32 00000044 E1A0F00E        MOV              pc, lr
   33 00000048         
   34 00000048 61 63 61 
              00       Char1   DCB              "aca",0
   35 0000004C 61 61 61 
              00       Char2   DCB              "aaa",0
   36 00000050         
   37 00000050 00004000 
                       Address1
                               &                0x00004000
   38 00000054                 END
              00000000 
              00000000 
Command Line: --debug --xref --diag_suppress=9931 --cpu=ARM9E --apcs=interwork 
--depend=.\objects\task1.d -o.\objects\task1.o -IC:\Keil_v5\ARM\RV31\INC -IC:\K
eil_v5\ARM\CMSIS\Include --predefine="__EVAL SETA 1" --predefine="__UVISION_VER



ARM Macro Assembler    Page 2 


SION SETA 526" --list=.\listings\task1.lst task1.s



ARM Macro Assembler    Page 1 Alphabetic symbol ordering
Relocatable symbols

ARMex 00000000

Symbol: ARMex
   Definitions
      At line 1 in file task1.s
   Uses
      None
Comment: ARMex unused
Address1 00000050

Symbol: Address1
   Definitions
      At line 37 in file task1.s
   Uses
      At line 7 in file task1.s
Comment: Address1 used once
Char1 00000048

Symbol: Char1
   Definitions
      At line 34 in file task1.s
   Uses
      At line 5 in file task1.s
Comment: Char1 used once
Char2 0000004C

Symbol: Char2
   Definitions
      At line 35 in file task1.s
   Uses
      At line 6 in file task1.s
Comment: Char2 used once
Check 00000028

Symbol: Check
   Definitions
      At line 18 in file task1.s
   Uses
      At line 16 in file task1.s
Comment: Check used once
Different 0000003C

Symbol: Different
   Definitions
      At line 27 in file task1.s
   Uses
      At line 15 in file task1.s
Comment: Different used once
Equal 00000034

Symbol: Equal
   Definitions
      At line 23 in file task1.s
   Uses
      At line 20 in file task1.s
Comment: Equal used once
Finish 00000044

Symbol: Finish



ARM Macro Assembler    Page 2 Alphabetic symbol ordering
Relocatable symbols

   Definitions
      At line 31 in file task1.s
   Uses
      At line 25 in file task1.s
      At line 29 in file task1.s

Main 00000000

Symbol: Main
   Definitions
      At line 4 in file task1.s
   Uses
      None
Comment: Main unused
Strcmp 00000014

Symbol: Strcmp
   Definitions
      At line 11 in file task1.s
   Uses
      At line 21 in file task1.s
Comment: Strcmp used once
10 symbols
344 symbols in table
