


ARM Macro Assembler    Page 1 


    1 00000000                 AREA             ARMex, CODE, READONLY
    2 00000000                 ENTRY
    3 00000000         
    4 00000000         start
    5 00000000 E59F0034        LDR              r0, Address1
    6 00000004 E3A01001        MOV              r1, #1      ;Save 1 to r1
    7 00000008 E1A02081        MOV              r2, r1, lsl #1 ;r2=1*2
    8 0000000C E0823082        add              r3, r2,r2, lsl #1 ;r3=r2*3
    9 00000010 E1A04103        MOV              r4, r3, lsl #2 ;r4=r3*4
   10 00000014 E0845104        add              r5, r4,r4, lsl #2 ;r5=r4*5
   11 00000018         
   12 00000018 E0656105        rsb              r6, r5,r5,lsl#2 ;r6=r5*6
   13 0000001C E1A06086        MOV              r6, r6,lsl#1
   14 00000020         
   15 00000020 E0667186        rsb              r7, r6,r6,lsl#3 ;r7=r6*7
   16 00000024 E1A08187        MOV              r8, r7 ,lsl#3 ;r8=r7*8
   17 00000028 E0889188        add              r9,r8,r8,lsl#3 ;r9=r8*9
   18 0000002C         
   19 0000002C E089A189        add              r10, r9,r9,lsl#3 ;r10=r9*10
   20 00000030 E08AA009        add              r10, r10,r9
   21 00000034         
   22 00000034 E580A000        STR              r10,[r0]
   23 00000038         
   24 00000038 E1A0F00E        MOV              pc, lr
   25 0000003C 00040000 
                       Address1
                               &                0x40000
   26 00000040                 END
Command Line: --debug --xref --diag_suppress=9931 --cpu=ARM9E --apcs=interwork 
--depend=.\objects\task1.d -o.\objects\task1.o -IC:\Keil_v5\ARM\RV31\INC -IC:\K
eil_v5\ARM\CMSIS\Include --predefine="__EVAL SETA 1" --predefine="__UVISION_VER
SION SETA 526" --list=.\listings\task1.lst task1.s



ARM Macro Assembler    Page 1 Alphabetic symbol ordering
Relocatable symbols

ARMex 00000000

Symbol: ARMex
   Definitions
      At line 1 in file task1.s
   Uses
      None
Comment: ARMex unused
Address1 0000003C

Symbol: Address1
   Definitions
      At line 25 in file task1.s
   Uses
      At line 5 in file task1.s
Comment: Address1 used once
start 00000000

Symbol: start
   Definitions
      At line 4 in file task1.s
   Uses
      None
Comment: start unused
3 symbols
335 symbols in table
