


ARM Macro Assembler    Page 1 


    1 00000000                 AREA             ARMex, CODE, READONLY
    2 00000000                 ENTRY
    3 00000000         
    4 00000000         start
    5 00000000 E3A0000A        MOV              r0, #10     ;Save 10 to r0
    6 00000004 E3A0100F        MOV              r1, #15     ;Save 15 to r1
    7 00000008 E3A02008        MOV              r2, #8      ;Save 8 to r1
    8 0000000C         
    9 0000000C E3A04000        MOV              r4, #0      ;Declare resister f
                                                            or compare other va
                                                            lue
   10 00000010         
   11 00000010 E59F3048        LDR              r3, TEMPADDR1 ;Save the address
                                                             of memory
   12 00000014         
   13 00000014 E5C30000        STRB             r0,[r3]     ;Save the value to 
                                                            memory
   14 00000018 E5C31001        STRB             r1,[r3,#1]
   15 0000001C E5C32002        STRB             r2,[r3,#2]
   16 00000020         
   17 00000020 E5D34000        LDRB             r4,[r3]     ;Load value from r3
                                                             to r4
   18 00000024 E354000A        CMP              r4, #10     ;Compare the value
   19 00000028 C3A05001        MOVGT            r5,#1       ; > ;each condition
                                                            
   20 0000002C B3A05002        MOVLT            r5,#2       ; <
   21 00000030 03A05003        MOVEQ            r5,#3       ; =
   22 00000034         
   23 00000034 E5D34001        LDRB             r4,[r3,#1]  ;Load other value f
                                                            rom r3 to r4
   24 00000038 E354000A        CMP              r4, #10     ;Compare the value
   25 0000003C C3A05001        MOVGT            r5,#1       ;each condition
   26 00000040 B3A05002        MOVLT            r5,#2
   27 00000044 03A05003        MOVEQ            r5,#3
   28 00000048         
   29 00000048 E5D34002        LDRB             r4,[r3,#2]  ;Load other value f
                                                            rom r3 to r4
   30 0000004C E354000A        CMP              r4, #10     ;Compare the value
   31 00000050 C3A05001        MOVGT            r5,#1       ;each condition
   32 00000054 B3A05002        MOVLT            r5,#2
   33 00000058 03A05003        MOVEQ            r5,#3
   34 0000005C         
   35 0000005C E1A0F00E        MOV              pc, lr
   36 00000060 00001000 
                       TEMPADDR1
                               &                &00001000   ;Decalre memory
   37 00000064                 END
Command Line: --debug --xref --diag_suppress=9931 --cpu=ARM9E --apcs=interwork 
--depend=.\objects\task1.d -o.\objects\task1.o -IC:\Keil_v5\ARM\RV31\INC -IC:\K
eil_v5\ARM\CMSIS\Include --predefine="__EVAL SETA 1" --predefine="__UVISION_VER
SION SETA 526" --list=.\listings\task1.lst task1.s



ARM Macro Assembler    Page 1 Alphabetic symbol ordering
Relocatable symbols

ARMex 00000000

Symbol: ARMex
   Definitions
      At line 1 in file task1.s
   Uses
      None
Comment: ARMex unused
TEMPADDR1 00000060

Symbol: TEMPADDR1
   Definitions
      At line 36 in file task1.s
   Uses
      At line 11 in file task1.s
Comment: TEMPADDR1 used once
start 00000000

Symbol: start
   Definitions
      At line 4 in file task1.s
   Uses
      None
Comment: start unused
3 symbols
335 symbols in table
