


ARM Macro Assembler    Page 1 


    1 00000000                 AREA             blockData, CODE, READONLY
    2 00000000                 ENTRY
    3 00000000         
    4 00000000         start
    5 00000000 E59FD040        LDR              sp, Address1
    6 00000004         
    7 00000004 E3A00000        MOV              r0, #0
    8 00000008 E3A01001        MOV              r1, #1
    9 0000000C E3A02002        MOV              r2, #2
   10 00000010 E3A03003        MOV              r3, #3
   11 00000014 E3A04004        MOV              r4, #4
   12 00000018 E3A05005        MOV              r5, #5
   13 0000001C E3A06006        MOV              r6, #6
   14 00000020 E3A07007        MOV              r7, #7
   15 00000024         
   16 00000024 E8AD00FF        STMEA            sp!,{r0-r7}
   17 00000028         
   18 00000028 E93D0020        LDMEA            sp!, {r5}
   19 0000002C E93D0010        LDMEA            sp!, {r4}
   20 00000030 E93D0008        LDMEA            sp!, {r3}
   21 00000034 E93D0080        LDMEA            sp!, {r7}
   22 00000038 E93D0004        LDMEA            sp!, {r2}
   23 0000003C E93D0001        LDMEA            sp!, {r0}
   24 00000040 E93D0040        LDMEA            sp!, {r6}
   25 00000044 E93D0002        LDMEA            sp!, {r1}
   26 00000048         
   27 00000048 00040000 
                       Address1
                               &                0x40000     ;Declare address
   28 0000004C                 END
Command Line: --debug --xref --diag_suppress=9931 --cpu=ARM966E-S --apcs=interw
ork --depend=.\objects\task1.d -o.\objects\task1.o -IC:\Keil_v5\ARM\RV31\INC -I
C:\Keil_v5\ARM\CMSIS\Include --predefine="__EVAL SETA 1" --predefine="__UVISION
_VERSION SETA 526" --list=.\listings\task1.lst task1.s



ARM Macro Assembler    Page 1 Alphabetic symbol ordering
Relocatable symbols

Address1 00000048

Symbol: Address1
   Definitions
      At line 27 in file task1.s
   Uses
      At line 5 in file task1.s
Comment: Address1 used once
blockData 00000000

Symbol: blockData
   Definitions
      At line 1 in file task1.s
   Uses
      None
Comment: blockData unused
start 00000000

Symbol: start
   Definitions
      At line 4 in file task1.s
   Uses
      None
Comment: start unused
3 symbols
335 symbols in table
