


ARM Macro Assembler    Page 1 


    1 00000000                 AREA             ARMex, CODE, READONLY
    2 00000000                 ENTRY
    3 00000000         
    4 00000000         Main
    5 00000000 E59F0028        LDR              r0, Address1
    6 00000004 E3A01001        MOV              r1, #1      ;For making number 
                                                            of 10
    7 00000008 E3A0200A        MOV              r2, #10     ;The number of elem
                                                            ent
    8 0000000C         
    9 0000000C E2811001        ADD              r1,r1,#1
   10 00000010 E1A01081        lsl              r1,r1,#1
   11 00000014 E2811001        ADD              r1,r1,#1
   12 00000018 E1A01081        lsl              r1,r1,#1    ;make number of 10
   13 0000001C         
   14 0000001C EAFFFFFF        B                Calculation ;go to Calculation
   15 00000020         
   16 00000020         Calculation
   17 00000020 E0823001        ADD              r3,r2,r1    ;r3=r2+r1
   18 00000024 E0040293        MUL              r4,r3,r2    ;r4=r3*r2
   19 00000028 E5804000        STR              r4,[r0]     ;store the r4 to r0
                                                            
   20 0000002C         
   21 0000002C E1A0F00E        MOV              pc, lr
   22 00000030         
   23 00000030 00004000 
                       Address1
                               &                0x0004000
   24 00000034                 END
Command Line: --debug --xref --diag_suppress=9931 --cpu=ARM9E --apcs=interwork 
--depend=.\objects\task3-2.d -o.\objects\task3-2.o -IC:\Keil_v5\ARM\RV31\INC -I
C:\Keil_v5\ARM\CMSIS\Include --predefine="__EVAL SETA 1" --predefine="__UVISION
_VERSION SETA 526" --list=.\listings\task3-2.lst task3-2.s



ARM Macro Assembler    Page 1 Alphabetic symbol ordering
Relocatable symbols

ARMex 00000000

Symbol: ARMex
   Definitions
      At line 1 in file task3-2.s
   Uses
      None
Comment: ARMex unused
Address1 00000030

Symbol: Address1
   Definitions
      At line 23 in file task3-2.s
   Uses
      At line 5 in file task3-2.s
Comment: Address1 used once
Calculation 00000020

Symbol: Calculation
   Definitions
      At line 16 in file task3-2.s
   Uses
      At line 14 in file task3-2.s
Comment: Calculation used once
Main 00000000

Symbol: Main
   Definitions
      At line 4 in file task3-2.s
   Uses
      None
Comment: Main unused
4 symbols
336 symbols in table
