


ARM Macro Assembler    Page 1 


    1 00000000                 AREA             ARMex, CODE, READONLY
    2 00000000                 ENTRY
    3 00000000         
    4 00000000         Main
    5 00000000 E59F004C        LDR              r0, Address1 ;Load the memory
    6 00000004 E3A01001        MOV              r1,#1       ;r1=1
    7 00000008         
    8 00000008 E1A03081        lsl              r3,r1,#1
    9 0000000C E1A03083        lsl              r3,r3,#1
   10 00000010 E2833001        ADD              r3,r3,#1
   11 00000014 E1A03083        lsl              r3,r3,#1
   12 00000018 E2833001        ADD              r3,r3,#1    ;make number of 11 
                                                            to r3
   13 0000001C         
   14 0000001C E2834001        ADD              r4,r3,#1
   15 00000020 E2844001        ADD              r4,r4,#1
   16 00000024 E2844001        ADD              r4,r4,#1
   17 00000028 E1A04084        lsl              r4,r4,#1
   18 0000002C E2844001        ADD              r4,r4,#1    ;make number of 29 
                                                            to r4
   19 00000030         
   20 00000030 EAFFFFFF        B                Loop        ;go to Loop
   21 00000034         
   22 00000034         Loop
   23 00000034 E0855003        ADD              r5,r5,r3    ;r5=r5+r3
   24 00000038 E1530004        CMP              r3,r4       ;compare the r3 and
                                                             r4
   25 0000003C 0A000002        BEQ              Finish      ;if equal, go to Fi
                                                            nish
   26 00000040 E2833001        ADD              r3,r3,#1    ;r3=r3+2
   27 00000044 E2833001        ADD              r3,r3,#1
   28 00000048 1AFFFFF9        BNE              Loop        ;if not equal, go t
                                                            o Loop
   29 0000004C         Finish
   30 0000004C E5805000        STR              r5,[r0]     ;store the informat
                                                            ion
   31 00000050 E1A0F00E        MOV              pc, lr
   32 00000054         
   33 00000054 00004000 
                       Address1
                               &                0x00004000
   34 00000058                 END
Command Line: --debug --xref --diag_suppress=9931 --cpu=ARM9E --apcs=interwork 
--depend=.\objects\task3.d -o.\objects\task3.o -IC:\Keil_v5\ARM\RV31\INC -IC:\K
eil_v5\ARM\CMSIS\Include --predefine="__EVAL SETA 1" --predefine="__UVISION_VER
SION SETA 526" --list=.\listings\task3.lst task3.s



ARM Macro Assembler    Page 1 Alphabetic symbol ordering
Relocatable symbols

ARMex 00000000

Symbol: ARMex
   Definitions
      At line 1 in file task3.s
   Uses
      None
Comment: ARMex unused
Address1 00000054

Symbol: Address1
   Definitions
      At line 33 in file task3.s
   Uses
      At line 5 in file task3.s
Comment: Address1 used once
Finish 0000004C

Symbol: Finish
   Definitions
      At line 29 in file task3.s
   Uses
      At line 25 in file task3.s
Comment: Finish used once
Loop 00000034

Symbol: Loop
   Definitions
      At line 22 in file task3.s
   Uses
      At line 20 in file task3.s
      At line 28 in file task3.s

Main 00000000

Symbol: Main
   Definitions
      At line 4 in file task3.s
   Uses
      None
Comment: Main unused
5 symbols
337 symbols in table
