


ARM Macro Assembler    Page 1 


    1 00000000                 AREA             Task2, CODE, READONLY
    2 00000000                 ENTRY
    3 00000000         main
    4 00000000 E59FD0C8        LDR              sp, Address2
    5 00000004 E59FA0C0        LDR              r10, Address1
    6 00000008 E3A0000A        MOV              r0,#10
    7 0000000C E3A0100B        MOV              r1,#11
    8 00000010 E3A0200C        MOV              r2,#12
    9 00000014 E3A0300D        MOV              r3,#13
   10 00000018 E3A0400E        MOV              r4,#14
   11 0000001C E3A0500F        MOV              r5,#15
   12 00000020 E3A06010        MOV              r6,#16
   13 00000024 E3A07011        MOV              r7,#17
   14 00000028 E8AD0001        STMEA            sp!,{r0}
   15 0000002C E8AD00FE        STMEA            sp!,{r1-r7}
   16 00000030         
   17 00000030         doRegister
   18 00000030 E2800000        ADD              r0,r0,#0
   19 00000034 E2811001        ADD              r1,r1,#1
   20 00000038 E2822002        ADD              r2,r2,#2
   21 0000003C E2833003        ADD              r3,r3,#3
   22 00000040 E2844004        ADD              r4,r4,#4
   23 00000044 E2855005        ADD              r5,r5,#5
   24 00000048 E2866006        ADD              r6,r6,#6
   25 0000004C E2877007        ADD              r7,r7,#7
   26 00000050         
   27 00000050         doGCD
   28 00000050 E0888000        ADD              r8,r8,r0
   29 00000054 E0888001        ADD              r8,r8,r1
   30 00000058 E0888002        ADD              r8,r8,r2
   31 0000005C E0888003        ADD              r8,r8,r3
   32 00000060 E0888004        ADD              r8,r8,r4
   33 00000064 E0888005        ADD              r8,r8,r5
   34 00000068 E0888006        ADD              r8,r8,r6
   35 0000006C E0888007        ADD              r8,r8,r7    ;for gcd
   36 00000070 E3A090A0        MOV              r9,#160
   37 00000074         gcd
   38 00000074 E1580009        CMP              r8,r9
   39 00000078 C0488009        SUBGT            r8,r8,r9
   40 0000007C B0499008        SUBLT            r9,r9,r8
   41 00000080 1AFFFFFB        BNE              gcd
   42 00000084         
   43 00000084         Finish
   44 00000084 E58A8000        STR              r8,[r10]    ;Save gcd
   45 00000088         
   46 00000088 E93D0100        LDMEA            sp!,{r8}
   47 0000008C E0877008        ADD              r7,r7,r8
   48 00000090 E93D0100        LDMEA            sp!,{r8}
   49 00000094 E0866008        ADD              r6,r6,r8
   50 00000098 E93D0100        LDMEA            sp!,{r8}
   51 0000009C E0855008        ADD              r5,r5,r8
   52 000000A0 E93D0100        LDMEA            sp!,{r8}
   53 000000A4 E0844008        ADD              r4,r4,r8
   54 000000A8 E93D0100        LDMEA            sp!,{r8}
   55 000000AC E0833008        ADD              r3,r3,r8
   56 000000B0 E93D0100        LDMEA            sp!,{r8}
   57 000000B4 E0822008        ADD              r2,r2,r8
   58 000000B8 E93D0100        LDMEA            sp!,{r8}
   59 000000BC E0811008        ADD              r1,r1,r8



ARM Macro Assembler    Page 2 


   60 000000C0 E93D0100        LDMEA            sp!,{r8}
   61 000000C4 E0800008        ADD              r0,r0,r8
   62 000000C8         
   63 000000C8 E9AA00FF        STMFA            r10!,{r0-r7}
   64 000000CC         
   65 000000CC 00040000 
                       Address1
                               &                0x40000
   66 000000D0 00041000 
                       Address2
                               &                0x41000
   67 000000D4         
   68 000000D4                 END
Command Line: --debug --xref --diag_suppress=9931 --cpu=ARM9E --apcs=interwork 
--depend=.\objects\task2.d -o.\objects\task2.o -IC:\Keil_v5\ARM\RV31\INC -IC:\K
eil_v5\ARM\CMSIS\Include --predefine="__EVAL SETA 1" --predefine="__UVISION_VER
SION SETA 526" --list=.\listings\task2.lst task2.s



ARM Macro Assembler    Page 1 Alphabetic symbol ordering
Relocatable symbols

Address1 000000CC

Symbol: Address1
   Definitions
      At line 65 in file task2.s
   Uses
      At line 5 in file task2.s
Comment: Address1 used once
Address2 000000D0

Symbol: Address2
   Definitions
      At line 66 in file task2.s
   Uses
      At line 4 in file task2.s
Comment: Address2 used once
Finish 00000084

Symbol: Finish
   Definitions
      At line 43 in file task2.s
   Uses
      None
Comment: Finish unused
Task2 00000000

Symbol: Task2
   Definitions
      At line 1 in file task2.s
   Uses
      None
Comment: Task2 unused
doGCD 00000050

Symbol: doGCD
   Definitions
      At line 27 in file task2.s
   Uses
      None
Comment: doGCD unused
doRegister 00000030

Symbol: doRegister
   Definitions
      At line 17 in file task2.s
   Uses
      None
Comment: doRegister unused
gcd 00000074

Symbol: gcd
   Definitions
      At line 37 in file task2.s
   Uses
      At line 41 in file task2.s
Comment: gcd used once
main 00000000

Symbol: main



ARM Macro Assembler    Page 2 Alphabetic symbol ordering
Relocatable symbols

   Definitions
      At line 3 in file task2.s
   Uses
      None
Comment: main unused
8 symbols
340 symbols in table
