


ARM Macro Assembler    Page 1 


    1 00000000                 AREA             ARMex, CODE, READONLY
    2 00000000                 ENTRY
    3 00000000         
    4 00000000         start
    5 00000000 E3A00001        MOV              r0,#1       ;Save each value
    6 00000004 E3A01002        MOV              r1,#2
    7 00000008 E3A02003        MOV              r2,#3
    8 0000000C E3A03004        MOV              r3,#4
    9 00000010         
   10 00000010 E59F4028        LDR              r4, TEMPADDR1 ;Save the address
                                                             of memory
   11 00000014         
   12 00000014 E5C40000        STRB             r0,[r4]     ;Save each value to
                                                             memory
   13 00000018 E5C41001        STRB             r1,[r4,#1]
   14 0000001C E5C42002        STRB             r2,[r4,#2]
   15 00000020 E5C43003        STRB             r3,[r4,#3]
   16 00000024         
   17 00000024 E5945000        LDR              r5,[r4]     ;Load value from r4
                                                             to r5
   18 00000028         
   19 00000028 E5C40003        STRB             r0,[r4,#3]  ;Save each value to
                                                             memory
   20 0000002C E5C41002        STRB             r1,[r4,#2]
   21 00000030 E5C42001        STRB             r2,[r4,#1]
   22 00000034 E5C43000        STRB             r3,[r4]
   23 00000038         
   24 00000038 E5946000        LDR              r6,[r4]     ;Load value from r4
                                                             to r6
   25 0000003C         
   26 0000003C E1A0F00E        MOV              pc, lr
   27 00000040 00001000 
                       TEMPADDR1
                               &                &00001000
   28 00000044                 END
Command Line: --debug --xref --diag_suppress=9931 --cpu=ARM9E --apcs=interwork 
--depend=.\objects\task2.d -o.\objects\task2.o -IC:\Keil_v5\ARM\RV31\INC -IC:\K
eil_v5\ARM\CMSIS\Include --predefine="__EVAL SETA 1" --predefine="__UVISION_VER
SION SETA 526" --list=.\listings\task2.lst task2.s



ARM Macro Assembler    Page 1 Alphabetic symbol ordering
Relocatable symbols

ARMex 00000000

Symbol: ARMex
   Definitions
      At line 1 in file task2.s
   Uses
      None
Comment: ARMex unused
TEMPADDR1 00000040

Symbol: TEMPADDR1
   Definitions
      At line 27 in file task2.s
   Uses
      At line 10 in file task2.s
Comment: TEMPADDR1 used once
start 00000000

Symbol: start
   Definitions
      At line 4 in file task2.s
   Uses
      None
Comment: start unused
3 symbols
335 symbols in table
