


ARM Macro Assembler    Page 1 


    1 00000000                 AREA             Floatingpoint, CODE, READONLY
    2 00000000                 ENTRY
    3 00000000         
    4 00000000         
    5 00000000 E59FC3B4        LDR              r12, =Matrix_data ;load data
    6 00000004 E59FD3A8        LDR              r13, TEST_data ;load memory for
                                                             saving data
    7 00000008         
    8 00000008 E59F93A8        LDR              r9,Savecount
    9 0000000C E49CA004        LDR              r10,[r12],#4 ;n
   10 00000010 E49CB004        LDR              r11,[r12],#4 ;k
   11 00000014 E1A0000A        MOV              r0,r10
   12 00000018 E3A0E001        MOV              r14,#1      ;for calculate coun
                                                            ting
   13 0000001C E589E014        STR              r14,[r9,#20]
   14 00000020         
   15 00000020         ;;;;;;;;;;;;;;;;;;;;;;;;;;;;;;;;;;;;;;;;;;;;;;;;;;;;;;ro
                       w;;;;;;;;;;;;;;;;;;;;;;;;;;;;;;;;;;;;;;;;;;;;;;;;;;;;;;;
                       ;;;;;;;;;;;
   16 00000020         firstload4                           ;first load
   17 00000020 E49C1004        LDR              r1,[r12],#4 ;load data of dat
   18 00000024 E49C2004        LDR              r2,[r12],#4
   19 00000028 E48D1004        STR              r1,[r13],#4
   20 0000002C EA000001        B                cal4        ;call calulation
   21 00000030         
   22 00000030         load4
   23 00000030 E1A01002        MOV              r1,r2       ;change dat
   24 00000034 E49C2004        LDR              r2,[r12],#4
   25 00000038         cal4
   26 00000038         ;CMP r1,r2 ;compare two float value
   27 00000038         ;BEQ CMPNUM 
   28 00000038         ;MOV r3,r1,LSL #1
   29 00000038         ;MOV r4,r2,LSL #1
   30 00000038         ;CMP r3,r4
   31 00000038         ;BEQ Savevalue ;when the result is zero
   32 00000038         CMPNUM4
   33 00000038 E1A03FA1        MOV              r3,r1,LSR #31 ;Declare S1
   34 0000003C E1A04FA2        MOV              r4,r2,LSR #31 ;Declare S2 
   35 00000040 E1A05481        MOV              r5,r1,LSL #9 ;Declare Mantissa 
                                                            F1
   36 00000044 E1A054A5        MOV              r5,r5,LSR #9
   37 00000048 E1A06482        MOV              r6,r2,LSL #9 ;F2
   38 0000004C E1A064A6        MOV              r6,r6,LSR #9
   39 00000050 E1A07081        MOV              r7,r1,LSL #1
   40 00000054 E1A07C27        MOV              r7,r7,LSR #24 ;E1
   41 00000058 E1A08082        MOV              r8,r2,LSL #1
   42 0000005C E1A08C28        MOV              r8,r8,LSR #24 ;E2 
   43 00000060 E2855502        ADD              r5,r5,#8388608 
                                                            ;ADD 1 to mantisa
   44 00000064 E2866502        ADD              r6,r6,#8388608
   45 00000068 E1570008        CMP              r7,r8       ;compare exponent
   46 0000006C C0479008        SUBGT            r9,r7,r8
   47 00000070 B0489007        SUBLT            r9,r8,r7    ;shift num 
   48 00000074 C1A06936        MOVGT            r6,r6,LSR r9 ;if shift num is n
                                                            ot 0
   49 00000078 B1A05935        MOVLT            r5,r5,LSR r9
   50 0000007C D1A07008        MOVLE            r7,r8
   51 00000080 E1530004        CMP              r3,r4
   52 00000084 0A00000E        BEQ              EQADD4



ARM Macro Assembler    Page 2 


   53 00000088         NEADD4
   54 00000088 E1A08081        MOV              r8,r1,lsl #1
   55 0000008C E1A09082        MOV              r9,r2,lsl #1
   56 00000090 E1A080A8        MOV              r8,r8,lsr #1
   57 00000094 E1A090A9        MOV              r9,r9,lsr #1
   58 00000098 E1580009        CMP              r8,r9
   59 0000009C 03A07000        MOVEQ            r7,#0       ;when the result is
                                                             zero
   60 000000A0 0A00000F        BEQ              savefloat4
   61 000000A4 C0455006        SUBGT            r5,r5,r6
   62 000000A8 B0465005        SUBLT            r5,r6,r5
   63 000000AC         ;MOVGT r3,r3
   64 000000AC B1A03004        MOVLT            r3,r4       ;Declare sign
   65 000000B0         
   66 000000B0         loop4                                ;for normalize
   67 000000B0 E3550502        CMP              r5,#8388608
   68 000000B4 B1A05085        MOVLT            r5,r5,lsl #1
   69 000000B8 B2477001        SUBLT            r7,r7,#1
   70 000000BC BAFFFFFB        BLT              loop4
   71 000000C0 EA000003        B                Finish4
   72 000000C4         
   73 000000C4         
   74 000000C4         EQADD4
   75 000000C4 E0855006        ADD              r5,r5,r6    ;adding mantissa
   76 000000C8 E3550401        CMP              r5,#16777216
   77 000000CC A1A050A5        MOVGE            r5,r5,LSR #1
   78 000000D0 A2877001        ADDGE            r7,r7,#1
   79 000000D4         
   80 000000D4         Finish4
   81 000000D4 E2455502        SUB              r5,r5,#8388608
   82 000000D8 E2477001        SUB              r7,r7,#1    ;/2
   83 000000DC E0857B87        ADD              r7,r5,r7,lsl #23
   84 000000E0 E0877F83        ADD              r7,r7,r3,lsl #31
   85 000000E4         
   86 000000E4         savefloat4
   87 000000E4 E48D7004        STR              r7,[r13],#4 ;save data
   88 000000E8 E48D2004        STR              r2,[r13],#4
   89 000000EC         
   90 000000EC E28EE001        ADD              r14,r14,#1  ;calculation count
   91 000000F0 E15E0000        CMP              r14,r0      ;compare counting
   92 000000F4 1AFFFFCD        BNE              load4
   93 000000F8         
   94 000000F8         
   95 000000F8 E59F92B8        LDR              r9,Savecount ;load memry for sa
                                                            ving count
   96 000000FC E5994014        LDR              r4,[r9,#20]
   97 00000100 E15B0004        CMP              r11,r4
   98 00000104 0A000011        BEQ              padding6
   99 00000108         
  100 00000108         nonpadding4
  101 00000108 E3A0E001        MOV              r14,#1      ;initialize calcula
                                                            tion count
  102 0000010C         
  103 0000010C         
  104 0000010C E5995000        LDR              r5,[r9]
  105 00000110 E2855001        ADD              r5,r5,#1    ;increase count
  106 00000114 E5895000        STR              r5,[r9]
  107 00000118         
  108 00000118 E155000A        CMP              r5,r10      ;check calculation 



ARM Macro Assembler    Page 3 


                                                            number of one row
  109 0000011C 1AFFFFBF        BNE              firstload4  ;change row
  110 00000120         
  111 00000120 E3A03000        MOV              r3,#0
  112 00000124 E5893000        STR              r3,[r9]     ;initialize padding
                                                             count
  113 00000128 E1A00080        MOV              r0,r0,LSL #1
  114 0000012C E2400001        SUB              r0,r0,#1    ;next calculate cou
                                                            nt
  115 00000130         
  116 00000130 E3540001        CMP              r4,#1
  117 00000134 059FC278        LDREQ            r12,TEST_data
  118 00000138 059FD270        LDREQ            r13,TEST_data2
  119 0000013C         
  120 0000013C 159FC26C        LDRNE            r12,TEST_data2
  121 00000140 159FD264        LDRNE            r13,TEST_data3
  122 00000144         
  123 00000144 E2844001        ADD              r4,r4,#1
  124 00000148 E5894014        STR              r4,[r9,#20]
  125 0000014C         
  126 0000014C EAFFFFB3        B                firstload4
  127 00000150         
  128 00000150         
  129 00000150         
  130 00000150         padding6
  131 00000150 E3A0E001        MOV              r14,#1      ;initialize cal cou
                                                            nt
  132 00000154         
  133 00000154 E59F925C        LDR              r9,Savecount
  134 00000158 E5995000        LDR              r5,[r9]
  135 0000015C E2855001        ADD              r5,r5,#1
  136 00000160 E5895000        STR              r5,[r9]
  137 00000164         
  138 00000164 E35B0002        CMP              r11,#2
  139 00000168 E48D2004        STR              r2,[r13],#4 ;padding
  140 0000016C 048D2004        STREQ            r2,[r13],#4
  141 00000170 048D2004        STREQ            r2,[r13],#4
  142 00000174 C48D2004        STRGT            r2,[r13],#4
  143 00000178 C48D2004        STRGT            r2,[r13],#4
  144 0000017C C48D2004        STRGT            r2,[r13],#4
  145 00000180 C48D2004        STRGT            r2,[r13],#4
  146 00000184 C48D2004        STRGT            r2,[r13],#4
  147 00000188 C48D2004        STRGT            r2,[r13],#4
  148 0000018C         
  149 0000018C         
  150 0000018C E155000A        CMP              r5,r10
  151 00000190 03A00000        MOVEQ            r0,#0
  152 00000194 05890000        STREQ            r0,[r9]     ;initialize padding
                                                             count
  153 00000198 0A000000        BEQ              setting
  154 0000019C         
  155 0000019C EAFFFF9F        B                firstload4
  156 000001A0         
  157 000001A0         
  158 000001A0         
  159 000001A0         
  160 000001A0         ;;;;;;;;;;;;;;;;;;;;;;;;;;;;;;;;;;;;;;;;;;;;;;;;;;;;;;;;
                       ;;;;;;;;column;;;;;;;;;;;;;;;;;;;;;;;;;;;;;;;;;;;;;;;;;;
                       ;;;;;;;;;;;;;;;;;;;;;;;;;;;;



ARM Macro Assembler    Page 4 


  161 000001A0         setting
  162 000001A0 E589E014        STR              r14,[r9,#20] 
                                                            ;initialize k count
                                                            
  163 000001A4         
  164 000001A4 E35B0002        CMP              r11,#2
  165 000001A8 B59FC204        LDRLT            r12,TEST_data
  166 000001AC B59FD1EC        LDRLT            r13,Result_data
  167 000001B0         
  168 000001B0 059FC1F8        LDREQ            r12,TEST_data2
  169 000001B4 059FD1E8        LDREQ            r13,TEST_data4
  170 000001B8         
  171 000001B8 C59FC1EC        LDRGT            r12,TEST_data3
  172 000001BC C59FD1E0        LDRGT            r13,TEST_data4
  173 000001C0         
  174 000001C0 E1A0018A        MOV              r0,r10,LSL #3 ;for making next 
                                                            pointer number n * 
                                                            4
  175 000001C4 01A00080        MOVEQ            r0,r0,LSL #1
  176 000001C8 C1A00100        MOVGT            r0,r0,LSL #2
  177 000001CC         
  178 000001CC E35B0002        CMP              r11,#2
  179 000001D0 E1A0608A        MOV              r6,r10,LSL#1 ;column calculate
  180 000001D4 01A06086        MOVEQ            r6,r6,LSL#1
  181 000001D8 C1A06106        MOVGT            r6,r6,LSL#2
  182 000001DC E589600C        STR              r6,[r9,#12]
  183 000001E0         
  184 000001E0         column4
  185 000001E0 E589C004        STR              r12,[r9,#4] ;for next column po
                                                            inter
  186 000001E4 E589D008        STR              r13,[r9,#8] ;for next column po
                                                            inter
  187 000001E8         
  188 000001E8         ;CMP r11,#2
  189 000001E8         ;MOV r6,r10,LSL#1 ;column calculate
  190 000001E8         ;MOVEQ r6,r6,LSL#1
  191 000001E8         ;MOVGT r6,r6,LSL#2
  192 000001E8         ;STR r6,[r9,#12]
  193 000001E8         
  194 000001E8         
  195 000001E8         Cfirstload4
  196 000001E8 E69C1000        LDR              r1,[r12],r0
  197 000001EC E69C2000        LDR              r2,[r12],r0
  198 000001F0 E68D1000        STR              r1,[r13],r0
  199 000001F4 EA000001        B                Ccal4
  200 000001F8         
  201 000001F8         Cload4
  202 000001F8 E1A01002        MOV              r1,r2
  203 000001FC E69C2000        LDR              r2,[r12],r0
  204 00000200         
  205 00000200         Ccal4
  206 00000200         ;CMP r1,r2 ;compare two float value
  207 00000200         ;BEQ CMPNUM 
  208 00000200         ;MOV r3,r1,LSL #1
  209 00000200         ;MOV r4,r2,LSL #1
  210 00000200         ;CMP r3,r4
  211 00000200         ;BEQ Savevalue ;when the result is zero
  212 00000200         CCMPNUM4
  213 00000200 E1A03FA1        MOV              r3,r1,LSR #31 ;Declare S1



ARM Macro Assembler    Page 5 


  214 00000204 E1A04FA2        MOV              r4,r2,LSR #31 ;Declare S2 
  215 00000208 E1A05481        MOV              r5,r1,LSL #9 ;Declare Mantissa 
                                                            F1
  216 0000020C E1A054A5        MOV              r5,r5,LSR #9
  217 00000210 E1A06482        MOV              r6,r2,LSL #9 ;F2
  218 00000214 E1A064A6        MOV              r6,r6,LSR #9
  219 00000218 E1A07081        MOV              r7,r1,LSL #1
  220 0000021C E1A07C27        MOV              r7,r7,LSR #24 ;E1
  221 00000220 E1A08082        MOV              r8,r2,LSL #1
  222 00000224 E1A08C28        MOV              r8,r8,LSR #24 ;E2 
  223 00000228 E2855502        ADD              r5,r5,#8388608 
                                                            ;ADD 1 to mantisa
  224 0000022C E2866502        ADD              r6,r6,#8388608
  225 00000230 E1570008        CMP              r7,r8       ;compare exponent
  226 00000234 C0479008        SUBGT            r9,r7,r8
  227 00000238 B0489007        SUBLT            r9,r8,r7    ;shift num 
  228 0000023C C1A06936        MOVGT            r6,r6,LSR r9 ;if shift num is n
                                                            ot 0
  229 00000240 B1A05935        MOVLT            r5,r5,LSR r9
  230 00000244 D1A07008        MOVLE            r7,r8
  231 00000248 E1530004        CMP              r3,r4
  232 0000024C 0A00000E        BEQ              CEQADD4
  233 00000250         CNEADD4
  234 00000250 E1A08081        MOV              r8,r1,lsl #1
  235 00000254 E1A09082        MOV              r9,r2,lsl #1
  236 00000258 E1A080A8        MOV              r8,r8,lsr #1
  237 0000025C E1A090A9        MOV              r9,r9,lsr #1
  238 00000260 E1580009        CMP              r8,r9
  239 00000264 03A07000        MOVEQ            r7,#0       ;when the result is
                                                             zero
  240 00000268 0A00000F        BEQ              Csavefloat4
  241 0000026C C0455006        SUBGT            r5,r5,r6
  242 00000270 B0465005        SUBLT            r5,r6,r5
  243 00000274         ;MOVGT r3,r3
  244 00000274 B1A03004        MOVLT            r3,r4       ;Declare sign
  245 00000278         
  246 00000278         Cloop4                               ;for normalize
  247 00000278 E3550502        CMP              r5,#8388608
  248 0000027C B1A05085        MOVLT            r5,r5,lsl #1
  249 00000280 B2477001        SUBLT            r7,r7,#1
  250 00000284 BAFFFFFB        BLT              Cloop4
  251 00000288 EA000003        B                CFinish4
  252 0000028C         
  253 0000028C         
  254 0000028C         CEQADD4
  255 0000028C E0855006        ADD              r5,r5,r6    ;adding mantissa
  256 00000290 E3550401        CMP              r5,#16777216
  257 00000294 A1A050A5        MOVGE            r5,r5,LSR #1
  258 00000298 A2877001        ADDGE            r7,r7,#1
  259 0000029C         
  260 0000029C         CFinish4
  261 0000029C E2455502        SUB              r5,r5,#8388608
  262 000002A0 E2477001        SUB              r7,r7,#1    ;result of mid poin
                                                            t
  263 000002A4 E0857B87        ADD              r7,r5,r7,lsl #23
  264 000002A8 E0877F83        ADD              r7,r7,r3,lsl #31
  265 000002AC         
  266 000002AC         Csavefloat4
  267 000002AC E68D7000        STR              r7,[r13],r0



ARM Macro Assembler    Page 6 


  268 000002B0 E68D2000        STR              r2,[r13],r0
  269 000002B4         
  270 000002B4 E28EE001        ADD              r14,r14,#1  ;cal count
  271 000002B8 E15E000A        CMP              r14,r10
  272 000002BC 1AFFFFCD        BNE              Cload4
  273 000002C0         
  274 000002C0 E59F90F0        LDR              r9,Savecount ;load memry for sa
                                                            ving count
  275 000002C4 E5994014        LDR              r4,[r9,#20]
  276 000002C8 E15B0004        CMP              r11,r4
  277 000002CC 0A00001A        BEQ              Cpadding6
  278 000002D0         
  279 000002D0         Cnonpadding4
  280 000002D0 E3A0E001        MOV              r14,#1      ;initialize cal cou
                                                            nt
  281 000002D4         
  282 000002D4 E5995000        LDR              r5,[r9]     ;load count
  283 000002D8 E2855001        ADD              r5,r5,#1
  284 000002DC E5895000        STR              r5,[r9]
  285 000002E0         
  286 000002E0 E599C004        LDR              r12,[r9,#4] ;for calculating ne
                                                            xt column
  287 000002E4 E599D008        LDR              r13,[r9,#8]
  288 000002E8 E28CC004        ADD              r12,r12,#4
  289 000002EC E28DD004        ADD              r13,r13,#4
  290 000002F0 E589C004        STR              r12,[r9,#4]
  291 000002F4 E589D008        STR              r13,[r9,#8]
  292 000002F8         
  293 000002F8 E599600C        LDR              r6,[r9,#12]
  294 000002FC E1550006        CMP              r5,r6
  295 00000300 1AFFFFB8        BNE              Cfirstload4
  296 00000304         
  297 00000304 E3A07000        MOV              r7,#0
  298 00000308 E5897000        STR              r7,[r9]     ;initialize padding
                                                             count
  299 0000030C         
  300 0000030C         
  301 0000030C E59FC090        LDR              r12,TEST_data4
  302 00000310 E35B0002        CMP              r11,#2      ;check value of k
  303 00000314 159FD08C        LDRNE            r13,TEST_data5
  304 00000318 059FD080        LDREQ            r13,Result_data
  305 0000031C         
  306 0000031C E3540002        CMP              r4,#2
  307 00000320 059FC080        LDREQ            r12,TEST_data5 ;when k 3
  308 00000324 059FD074        LDREQ            r13,Result_data
  309 00000328         
  310 00000328 E1A0A08A        MOV              r10,r10,LSL#1 ;chnage data of N
                                                            
  311 0000032C E24AA001        SUB              r10,r10,#1
  312 00000330         
  313 00000330 E2844001        ADD              r4,r4,#1
  314 00000334 E5894014        STR              r4,[r9,#20]
  315 00000338 EAFFFFA8        B                column4
  316 0000033C         
  317 0000033C         
  318 0000033C         Cpadding6
  319 0000033C E3A0E001        MOV              r14,#1      ;initialize cal cou
                                                            nt
  320 00000340         



ARM Macro Assembler    Page 7 


  321 00000340 E59F9070        LDR              r9,Savecount 
                                                            ;load data of count
                                                            
  322 00000344 E5995000        LDR              r5,[r9]
  323 00000348 E2855001        ADD              r5,r5,#1
  324 0000034C E5895000        STR              r5,[r9]
  325 00000350         
  326 00000350 E35B0002        CMP              r11,#2
  327 00000354 E68D2000        STR              r2,[r13],r0 ;padding
  328 00000358 068D2000        STREQ            r2,[r13],r0
  329 0000035C 068D2000        STREQ            r2,[r13],r0
  330 00000360 C68D2000        STRGT            r2,[r13],r0
  331 00000364 C68D2000        STRGT            r2,[r13],r0
  332 00000368 C68D2000        STRGT            r2,[r13],r0
  333 0000036C C68D2000        STRGT            r2,[r13],r0
  334 00000370 C68D2000        STRGT            r2,[r13],r0
  335 00000374 C68D2000        STRGT            r2,[r13],r0
  336 00000378         
  337 00000378 E599C004        LDR              r12,[r9,#4] ;for calculating ne
                                                            xt column
  338 0000037C E599D008        LDR              r13,[r9,#8]
  339 00000380 E28CC004        ADD              r12,r12,#4
  340 00000384 E28DD004        ADD              r13,r13,#4
  341 00000388 E589C004        STR              r12,[r9,#4]
  342 0000038C E589D008        STR              r13,[r9,#8]
  343 00000390         
  344 00000390         
  345 00000390 E1A05105        MOV              r5,r5,LSL #2 ;Because of unit
  346 00000394 E1550000        CMP              r5,r0
  347 00000398         
  348 00000398 1AFFFF92        BNE              Cfirstload4
  349 0000039C E3A0F000        MOV              pc,#0       ;Program end
  350 000003A0         
  351 000003A0         
  352 000003A0         
  353 000003A0 60000000 
                       Result_data
                               &                0x60000000
  354 000003A4 00080000 
                       TEST_data4
                               &                0x80000
  355 000003A8 00090000 
                       TEST_data5
                               &                0x90000
  356 000003AC         
  357 000003AC 00060000 
                       TEST_data3
                               &                0x60000
  358 000003B0 00050000 
                       TEST_data2
                               &                0x50000
  359 000003B4 00040000 
                       TEST_data
                               &                0x40000
  360 000003B8 00070000 
                       Savecount
                               &                0x70000
  361 000003BC         
  362 000003BC 00000000        AREA             data



ARM Macro Assembler    Page 8 


  363 00000000         Matrix_data                          ;The area of data
  364 00000000         ;DCD 3
  365 00000000         ;DCD 1
  366 00000000         ;DCD 2_01000010110111000000000000000000
  367 00000000         ;DCD 2_01000011011110000000000000000000
  368 00000000         ;DCD 2_11000001100000000000000000000000
  369 00000000         ;DCD 2_11000010101010000000000000000000
  370 00000000         ;DCD 2_11000001010110000000000000000000
  371 00000000         ;DCD 2_01000000011111000000000000000000
  372 00000000         ;DCD 2_10111110101101000000000000000000
  373 00000000         ;DCD 2_01000010011100000000000000000000
  374 00000000         ;DCD 2_11000100010000000000000000000000
  375 00000000         
  376 00000000         ;DCD 3
  377 00000000         ;DCD 2
  378 00000000         ;DCD 2_01000010011010000000000000000000
  379 00000000         ;DCD 2_10111111111101000000000000000000
  380 00000000         ;DCD 2_11000000110000000000000000000000
  381 00000000         ;DCD 2_11000010111000000000000000000000
  382 00000000         ;DCD 2_01000011000000000000000000000000
  383 00000000         ;DCD 2_01000010001011000000000000000000
  384 00000000         ;DCD 2_01000011110001000000000000000000
  385 00000000         ;DCD 2_01000011011100000000000000000000
  386 00000000         ;DCD 2_01000001101000000000000000000000
  387 00000000         
  388 00000000         
  389 00000000         ;DCD 2
  390 00000000         ;DCD 3
  391 00000000         ;DCD 2_01000000000000100000000000000000
  392 00000000         ;DCD 2_11000000111000000000000000000000
  393 00000000         ;DCD 2_01000011100000100000000000000000
  394 00000000         ;DCD 2_01000001100010000000000000000000 
  395 00000000 0000000A        DCD              10
  396 00000004 00000003        DCD              3
  397 00000008 43200000        DCD              2_01000011001000000000000000000
000
  398 0000000C C3980000        DCD              2_11000011100110000000000000000
000
  399 00000010 43840000        DCD              2_01000011100001000000000000000
000
  400 00000014 C2800000        DCD              2_11000010100000000000000000000
000
  401 00000018 43880000        DCD              2_01000011100010000000000000000
000
  402 0000001C C0640000        DCD              2_11000000011001000000000000000
000
  403 00000020 43D40000        DCD              2_01000011110101000000000000000
000
  404 00000024 C2080000        DCD              2_11000010000010000000000000000
000
  405 00000028 C0C40000        DCD              2_11000000110001000000000000000
000
  406 0000002C C0100000        DCD              2_11000000000100000000000000000
000
  407 00000030 3FA00000        DCD              2_00111111101000000000000000000
000
  408 00000034 C3280000        DCD              2_11000011001010000000000000000
000
  409 00000038 43D00000        DCD              2_01000011110100000000000000000



ARM Macro Assembler    Page 9 


000
  410 0000003C C1B00000        DCD              2_11000001101100000000000000000
000
  411 00000040 BFA80000        DCD              2_10111111101010000000000000000
000
  412 00000044 C3F40000        DCD              2_11000011111101000000000000000
000
  413 00000048 3EE00000        DCD              2_00111110111000000000000000000
000
  414 0000004C C2980000        DCD              2_11000010100110000000000000000
000
  415 00000050 C2600000        DCD              2_11000010011000000000000000000
000
  416 00000054 42440000        DCD              2_01000010010001000000000000000
000
  417 00000058 40C80000        DCD              2_01000000110010000000000000000
000
  418 0000005C C1100000        DCD              2_11000001000100000000000000000
000
  419 00000060 40580000        DCD              2_01000000010110000000000000000
000
  420 00000064 40A00000        DCD              2_01000000101000000000000000000
000
  421 00000068 41D00000        DCD              2_01000001110100000000000000000
000
  422 0000006C 43000000        DCD              2_01000011000000000000000000000
000
  423 00000070 C3240000        DCD              2_11000011001001000000000000000
000
  424 00000074 40000000        DCD              2_01000000000000000000000000000
000
  425 00000078 C2080000        DCD              2_11000010000010000000000000000
000
  426 0000007C 44080000        DCD              2_01000100000010000000000000000
000
  427 00000080 3EF00000        DCD              2_00111110111100000000000000000
000
  428 00000084 BF080000        DCD              2_10111111000010000000000000000
000
  429 00000088 C2080000        DCD              2_11000010000010000000000000000
000
  430 0000008C 40480000        DCD              2_01000000010010000000000000000
000
  431 00000090 C0680000        DCD              2_11000000011010000000000000000
000
  432 00000094 44100000        DCD              2_01000100000100000000000000000
000
  433 00000098 3EB00000        DCD              2_00111110101100000000000000000
000
  434 0000009C C2280000        DCD              2_11000010001010000000000000000
000
  435 000000A0 C2C80000        DCD              2_11000010110010000000000000000
000
  436 000000A4 C2340000        DCD              2_11000010001101000000000000000
000
  437 000000A8 43900000        DCD              2_01000011100100000000000000000
000
  438 000000AC 42280000        DCD              2_01000010001010000000000000000
000



ARM Macro Assembler    Page 10 


  439 000000B0 42600000        DCD              2_01000010011000000000000000000
000
  440 000000B4 3F280000        DCD              2_00111111001010000000000000000
000
  441 000000B8 42A00000        DCD              2_01000010101000000000000000000
000
  442 000000BC C4140000        DCD              2_11000100000101000000000000000
000
  443 000000C0 43F00000        DCD              2_01000011111100000000000000000
000
  444 000000C4 C3D80000        DCD              2_11000011110110000000000000000
000
  445 000000C8 C2F00000        DCD              2_11000010111100000000000000000
000
  446 000000CC 425C0000        DCD              2_01000010010111000000000000000
000
  447 000000D0 C1500000        DCD              2_11000001010100000000000000000
000
  448 000000D4 41A80000        DCD              2_01000001101010000000000000000
000
  449 000000D8 BF300000        DCD              2_10111111001100000000000000000
000
  450 000000DC 3FB00000        DCD              2_00111111101100000000000000000
000
  451 000000E0 43700000        DCD              2_01000011011100000000000000000
000
  452 000000E4 C2400000        DCD              2_11000010010000000000000000000
000
  453 000000E8 C1A80000        DCD              2_11000001101010000000000000000
000
  454 000000EC 3FC00000        DCD              2_00111111110000000000000000000
000
  455 000000F0 44180000        DCD              2_01000100000110000000000000000
000
  456 000000F4 42480000        DCD              2_01000010010010000000000000000
000
  457 000000F8 42080000        DCD              2_01000010000010000000000000000
000
  458 000000FC C1500000        DCD              2_11000001010100000000000000000
000
  459 00000100 42C40000        DCD              2_01000010110001000000000000000
000
  460 00000104 C15C0000        DCD              2_11000001010111000000000000000
000
  461 00000108 C1640000        DCD              2_11000001011001000000000000000
000
  462 0000010C BED80000        DCD              2_10111110110110000000000000000
000
  463 00000110 C3600000        DCD              2_11000011011000000000000000000
000
  464 00000114 42A40000        DCD              2_01000010101001000000000000000
000
  465 00000118 C0780000        DCD              2_11000000011110000000000000000
000
  466 0000011C 41780000        DCD              2_01000001011110000000000000000
000
  467 00000120 3F940000        DCD              2_00111111100101000000000000000
000
  468 00000124 41400000        DCD              2_01000001010000000000000000000



ARM Macro Assembler    Page 11 


000
  469 00000128 C1A00000        DCD              2_11000001101000000000000000000
000
  470 0000012C 41A80000        DCD              2_01000001101010000000000000000
000
  471 00000130 C11C0000        DCD              2_11000001000111000000000000000
000
  472 00000134 C0940000        DCD              2_11000000100101000000000000000
000
  473 00000138 C3E80000        DCD              2_11000011111010000000000000000
000
  474 0000013C C3C00000        DCD              2_11000011110000000000000000000
000
  475 00000140 C3B00000        DCD              2_11000011101100000000000000000
000
  476 00000144 BF240000        DCD              2_10111111001001000000000000000
000
  477 00000148 3E940000        DCD              2_00111110100101000000000000000
000
  478 0000014C 41080000        DCD              2_01000001000010000000000000000
000
  479 00000150 44400000        DCD              2_01000100010000000000000000000
000
  480 00000154 41B00000        DCD              2_01000001101100000000000000000
000
  481 00000158 C2000000        DCD              2_11000010000000000000000000000
000
  482 0000015C C3DC0000        DCD              2_11000011110111000000000000000
000
  483 00000160 BEC00000        DCD              2_10111110110000000000000000000
000
  484 00000164 C15C0000        DCD              2_11000001010111000000000000000
000
  485 00000168 3EB80000        DCD              2_00111110101110000000000000000
000
  486 0000016C C46C0000        DCD              2_11000100011011000000000000000
000
  487 00000170 C1780000        DCD              2_11000001011110000000000000000
000
  488 00000174 41000000        DCD              2_01000001000000000000000000000
000
  489 00000178 C24C0000        DCD              2_11000010010011000000000000000
000
  490 0000017C 41500000        DCD              2_01000001010100000000000000000
000
  491 00000180 C1000000        DCD              2_11000001000000000000000000000
000
  492 00000184 C3CC0000        DCD              2_11000011110011000000000000000
000
  493 00000188 C41C0000        DCD              2_11000100000111000000000000000
000
  494 0000018C C0240000        DCD              2_11000000001001000000000000000
000
  495 00000190 C4480000        DCD              2_11000100010010000000000000000
000
  496 00000194 C2800000        DCD              2_11000010100000000000000000000
000
  497 00000198         
  498 00000198         



ARM Macro Assembler    Page 12 


  499 00000198                 END
Command Line: --debug --xref --diag_suppress=9931 --cpu=ARM9E --apcs=interwork 
--depend=.\objects\project.d -o.\objects\project.o -IC:\Keil_v5\ARM\RV31\INC -I
C:\Keil_v5\ARM\CMSIS\Include --predefine="__EVAL SETA 1" --predefine="__UVISION
_VERSION SETA 526" --list=.\listings\project.lst Project.s



ARM Macro Assembler    Page 1 Alphabetic symbol ordering
Relocatable symbols

CCMPNUM4 00000200

Symbol: CCMPNUM4
   Definitions
      At line 212 in file Project.s
   Uses
      None
Comment: CCMPNUM4 unused
CEQADD4 0000028C

Symbol: CEQADD4
   Definitions
      At line 254 in file Project.s
   Uses
      At line 232 in file Project.s
Comment: CEQADD4 used once
CFinish4 0000029C

Symbol: CFinish4
   Definitions
      At line 260 in file Project.s
   Uses
      At line 251 in file Project.s
Comment: CFinish4 used once
CMPNUM4 00000038

Symbol: CMPNUM4
   Definitions
      At line 32 in file Project.s
   Uses
      None
Comment: CMPNUM4 unused
CNEADD4 00000250

Symbol: CNEADD4
   Definitions
      At line 233 in file Project.s
   Uses
      None
Comment: CNEADD4 unused
Ccal4 00000200

Symbol: Ccal4
   Definitions
      At line 205 in file Project.s
   Uses
      At line 199 in file Project.s
Comment: Ccal4 used once
Cfirstload4 000001E8

Symbol: Cfirstload4
   Definitions
      At line 195 in file Project.s
   Uses
      At line 295 in file Project.s
      At line 348 in file Project.s

Cload4 000001F8




ARM Macro Assembler    Page 2 Alphabetic symbol ordering
Relocatable symbols

Symbol: Cload4
   Definitions
      At line 201 in file Project.s
   Uses
      At line 272 in file Project.s
Comment: Cload4 used once
Cloop4 00000278

Symbol: Cloop4
   Definitions
      At line 246 in file Project.s
   Uses
      At line 250 in file Project.s
Comment: Cloop4 used once
Cnonpadding4 000002D0

Symbol: Cnonpadding4
   Definitions
      At line 279 in file Project.s
   Uses
      None
Comment: Cnonpadding4 unused
Cpadding6 0000033C

Symbol: Cpadding6
   Definitions
      At line 318 in file Project.s
   Uses
      At line 277 in file Project.s
Comment: Cpadding6 used once
Csavefloat4 000002AC

Symbol: Csavefloat4
   Definitions
      At line 266 in file Project.s
   Uses
      At line 240 in file Project.s
Comment: Csavefloat4 used once
EQADD4 000000C4

Symbol: EQADD4
   Definitions
      At line 74 in file Project.s
   Uses
      At line 52 in file Project.s
Comment: EQADD4 used once
Finish4 000000D4

Symbol: Finish4
   Definitions
      At line 80 in file Project.s
   Uses
      At line 71 in file Project.s
Comment: Finish4 used once
Floatingpoint 00000000

Symbol: Floatingpoint
   Definitions
      At line 1 in file Project.s



ARM Macro Assembler    Page 3 Alphabetic symbol ordering
Relocatable symbols

   Uses
      None
Comment: Floatingpoint unused
NEADD4 00000088

Symbol: NEADD4
   Definitions
      At line 53 in file Project.s
   Uses
      None
Comment: NEADD4 unused
Result_data 000003A0

Symbol: Result_data
   Definitions
      At line 353 in file Project.s
   Uses
      At line 166 in file Project.s
      At line 304 in file Project.s
      At line 308 in file Project.s

Savecount 000003B8

Symbol: Savecount
   Definitions
      At line 360 in file Project.s
   Uses
      At line 8 in file Project.s
      At line 95 in file Project.s
      At line 133 in file Project.s
      At line 274 in file Project.s
      At line 321 in file Project.s

TEST_data 000003B4

Symbol: TEST_data
   Definitions
      At line 359 in file Project.s
   Uses
      At line 6 in file Project.s
      At line 117 in file Project.s
      At line 165 in file Project.s

TEST_data2 000003B0

Symbol: TEST_data2
   Definitions
      At line 358 in file Project.s
   Uses
      At line 118 in file Project.s
      At line 120 in file Project.s
      At line 168 in file Project.s

TEST_data3 000003AC

Symbol: TEST_data3
   Definitions
      At line 357 in file Project.s
   Uses



ARM Macro Assembler    Page 4 Alphabetic symbol ordering
Relocatable symbols

      At line 121 in file Project.s
      At line 171 in file Project.s

TEST_data4 000003A4

Symbol: TEST_data4
   Definitions
      At line 354 in file Project.s
   Uses
      At line 169 in file Project.s
      At line 172 in file Project.s
      At line 301 in file Project.s

TEST_data5 000003A8

Symbol: TEST_data5
   Definitions
      At line 355 in file Project.s
   Uses
      At line 303 in file Project.s
      At line 307 in file Project.s

cal4 00000038

Symbol: cal4
   Definitions
      At line 25 in file Project.s
   Uses
      At line 20 in file Project.s
Comment: cal4 used once
column4 000001E0

Symbol: column4
   Definitions
      At line 184 in file Project.s
   Uses
      At line 315 in file Project.s
Comment: column4 used once
firstload4 00000020

Symbol: firstload4
   Definitions
      At line 16 in file Project.s
   Uses
      At line 109 in file Project.s
      At line 126 in file Project.s
      At line 155 in file Project.s

load4 00000030

Symbol: load4
   Definitions
      At line 22 in file Project.s
   Uses
      At line 92 in file Project.s
Comment: load4 used once
loop4 000000B0

Symbol: loop4



ARM Macro Assembler    Page 5 Alphabetic symbol ordering
Relocatable symbols

   Definitions
      At line 66 in file Project.s
   Uses
      At line 70 in file Project.s
Comment: loop4 used once
nonpadding4 00000108

Symbol: nonpadding4
   Definitions
      At line 100 in file Project.s
   Uses
      None
Comment: nonpadding4 unused
padding6 00000150

Symbol: padding6
   Definitions
      At line 130 in file Project.s
   Uses
      At line 98 in file Project.s
Comment: padding6 used once
savefloat4 000000E4

Symbol: savefloat4
   Definitions
      At line 86 in file Project.s
   Uses
      At line 60 in file Project.s
Comment: savefloat4 used once
setting 000001A0

Symbol: setting
   Definitions
      At line 161 in file Project.s
   Uses
      At line 153 in file Project.s
Comment: setting used once
32 symbols



ARM Macro Assembler    Page 1 Alphabetic symbol ordering
Relocatable symbols

Matrix_data 00000000

Symbol: Matrix_data
   Definitions
      At line 363 in file Project.s
   Uses
      At line 5 in file Project.s
Comment: Matrix_data used once
data 00000000

Symbol: data
   Definitions
      At line 362 in file Project.s
   Uses
      None
Comment: data unused
2 symbols
368 symbols in table
